2025-01-14 08:55:47.456 | INFO     | utils.utils_logger:<module>:38 - Logging to file: logs\project_log.log
2025-01-14 08:55:47.457 | INFO     | __main__:main:91 - START producer...
2025-01-14 08:55:47.457 | INFO     | __main__:main:92 - Hit CTRL c (or CMD c) to close.
2025-01-14 08:55:47.457 | INFO     | __main__:get_hand_interval:53 - Hands will be sent every 3 seconds.
2025-01-14 08:55:47.457 | INFO     | __main__:main:99 - ('Q', 'Clubs')
2025-01-14 08:55:50.458 | INFO     | __main__:main:99 - ('10', 'Diamonds')
2025-01-14 08:55:53.459 | INFO     | __main__:main:99 - ('3', 'Diamonds')
2025-01-14 08:55:56.460 | INFO     | __main__:main:99 - ('2', 'Hearts')
2025-01-14 08:56:45.307 | INFO     | utils.utils_logger:<module>:38 - Logging to file: logs\project_log.log
2025-01-14 08:56:45.307 | INFO     | __main__:main:91 - START producer...
2025-01-14 08:56:45.307 | INFO     | __main__:main:92 - Hit CTRL c (or CMD c) to close.
2025-01-14 08:56:45.307 | INFO     | __main__:get_hand_interval:53 - Hands will be sent every 3 seconds.
2025-01-14 08:56:45.307 | INFO     | __main__:main:100 - [('8', 'Hearts'), ('Q', 'Clubs'), ('9', 'Diamonds'), ('6', 'Clubs'), ('8', 'Diamonds')]
2025-01-14 08:56:48.313 | INFO     | __main__:main:100 - [('8', 'Spades'), ('9', 'Spades'), ('7', 'Clubs'), ('7', 'Spades'), ('8', 'Diamonds')]
2025-01-14 08:56:51.314 | INFO     | __main__:main:100 - [('A', 'Hearts'), ('K', 'Hearts'), ('K', 'Clubs'), ('6', 'Spades'), ('J', 'Spades')]
2025-01-14 08:56:54.315 | INFO     | __main__:main:100 - [('9', 'Hearts'), ('J', 'Spades'), ('10', 'Spades'), ('7', 'Clubs'), ('4', 'Spades')]
2025-01-14 08:56:57.316 | INFO     | __main__:main:100 - [('A', 'Clubs'), ('A', 'Spades'), ('Q', 'Clubs'), ('K', 'Clubs'), ('9', 'Clubs')]
2025-01-14 08:57:00.318 | INFO     | __main__:main:100 - [('J', 'Hearts'), ('3', 'Hearts'), ('9', 'Clubs'), ('10', 'Clubs'), ('10', 'Diamonds')]
2025-01-14 09:06:23.832 | INFO     | utils.utils_logger:<module>:38 - Logging to file: logs\project_log.log
2025-01-14 09:06:23.832 | INFO     | __main__:main:91 - START producer...
2025-01-14 09:06:23.832 | INFO     | __main__:main:92 - Hit CTRL c (or CMD c) to close.
2025-01-14 09:06:23.832 | INFO     | __main__:get_hand_interval:53 - Hands will be sent every 3 seconds.
2025-01-14 09:06:23.832 | INFO     | __main__:main:100 - [('7', 'Hearts'), ('Q', 'Spades'), ('4', 'Hearts'), ('4', 'Clubs'), ('10', 'Diamonds')]
2025-01-14 09:06:26.842 | INFO     | __main__:main:100 - [('J', 'Hearts'), ('5', 'Spades'), ('7', 'Clubs'), ('8', 'Clubs'), ('A', 'Hearts')]
2025-01-14 09:06:29.843 | INFO     | __main__:main:100 - [('5', 'Hearts'), ('7', 'Hearts'), ('A', 'Spades'), ('K', 'Clubs'), ('K', 'Hearts')]
2025-01-14 09:06:32.844 | INFO     | __main__:main:100 - [('10', 'Hearts'), ('Q', 'Diamonds'), ('8', 'Diamonds'), ('6', 'Hearts'), ('K', 'Hearts')]
2025-01-14 09:06:35.845 | INFO     | __main__:main:100 - [('10', 'Diamonds'), ('A', 'Hearts'), ('K', 'Spades'), ('2', 'Spades'), ('9', 'Diamonds')]
2025-01-14 09:06:38.847 | INFO     | __main__:main:100 - [('2', 'Diamonds'), ('A', 'Diamonds'), ('9', 'Clubs'), ('7', 'Hearts'), ('9', 'Diamonds')]
2025-01-14 09:06:41.847 | INFO     | __main__:main:100 - [('Q', 'Spades'), ('K', 'Hearts'), ('4', 'Clubs'), ('7', 'Hearts'), ('2', 'Clubs')]
2025-01-14 09:06:44.849 | INFO     | __main__:main:100 - [('7', 'Diamonds'), ('10', 'Diamonds'), ('9', 'Hearts'), ('J', 'Hearts'), ('Q', 'Diamonds')]
2025-01-14 09:06:47.850 | INFO     | __main__:main:100 - [('7', 'Diamonds'), ('6', 'Hearts'), ('K', 'Diamonds'), ('2', 'Clubs'), ('Q', 'Diamonds')]
2025-01-14 09:06:50.851 | INFO     | __main__:main:100 - [('6', 'Diamonds'), ('8', 'Clubs'), ('5', 'Clubs'), ('4', 'Hearts'), ('J', 'Diamonds')]
2025-01-14 09:06:53.852 | INFO     | __main__:main:100 - [('J', 'Diamonds'), ('2', 'Diamonds'), ('J', 'Hearts'), ('2', 'Hearts'), ('4', 'Spades')]
2025-01-14 09:06:56.852 | INFO     | __main__:main:100 - [('3', 'Diamonds'), ('5', 'Diamonds'), ('9', 'Spades'), ('J', 'Diamonds'), ('3', 'Clubs')]
2025-01-14 09:07:36.030 | INFO     | utils.utils_logger:<module>:38 - Logging to file: logs\project_log.log
2025-01-14 09:07:36.030 | INFO     | __main__:main:72 - START...
2025-01-14 09:07:36.030 | INFO     | __main__:main:78 - Reading file located at logs\project_log.log.
2025-01-14 09:07:43.783 | INFO     | utils.utils_logger:<module>:38 - Logging to file: logs\project_log.log
2025-01-14 09:07:43.783 | INFO     | __main__:main:91 - START producer...
2025-01-14 09:07:43.783 | INFO     | __main__:main:92 - Hit CTRL c (or CMD c) to close.
2025-01-14 09:07:43.783 | INFO     | __main__:get_hand_interval:53 - Hands will be sent every 3 seconds.
2025-01-14 09:07:43.783 | INFO     | __main__:main:100 - [('5', 'Spades'), ('4', 'Diamonds'), ('Q', 'Clubs'), ('8', 'Diamonds'), ('5', 'Clubs')]
2025-01-14 09:07:46.786 | INFO     | __main__:main:100 - [('3', 'Hearts'), ('8', 'Clubs'), ('7', 'Spades'), ('4', 'Clubs'), ('K', 'Hearts')]
2025-01-14 09:07:49.787 | INFO     | __main__:main:100 - [('5', 'Clubs'), ('6', 'Spades'), ('K', 'Spades'), ('2', 'Spades'), ('4', 'Diamonds')]
2025-01-14 09:07:52.788 | INFO     | __main__:main:100 - [('10', 'Clubs'), ('K', 'Diamonds'), ('6', 'Spades'), ('Q', 'Diamonds'), ('Q', 'Hearts')]
2025-01-14 09:07:55.790 | INFO     | __main__:main:100 - [('A', 'Hearts'), ('K', 'Hearts'), ('Q', 'Diamonds'), ('10', 'Clubs'), ('2', 'Hearts')]
2025-01-14 09:07:58.792 | INFO     | __main__:main:100 - [('4', 'Hearts'), ('A', 'Diamonds'), ('K', 'Diamonds'), ('4', 'Spades'), ('2', 'Diamonds')]
2025-01-14 09:08:01.793 | INFO     | __main__:main:100 - [('2', 'Clubs'), ('A', 'Hearts'), ('Q', 'Hearts'), ('A', 'Spades'), ('8', 'Diamonds')]
2025-01-14 09:08:04.796 | INFO     | __main__:main:100 - [('5', 'Diamonds'), ('J', 'Hearts'), ('A', 'Clubs'), ('2', 'Spades'), ('Q', 'Clubs')]
2025-01-14 09:08:07.798 | INFO     | __main__:main:100 - [('3', 'Diamonds'), ('2', 'Clubs'), ('10', 'Spades'), ('3', 'Spades'), ('4', 'Diamonds')]
2025-01-14 09:08:10.799 | INFO     | __main__:main:100 - [('4', 'Clubs'), ('2', 'Clubs'), ('K', 'Spades'), ('J', 'Diamonds'), ('6', 'Spades')]
2025-01-14 09:08:13.800 | INFO     | __main__:main:100 - [('8', 'Hearts'), ('A', 'Hearts'), ('6', 'Hearts'), ('3', 'Spades'), ('K', 'Clubs')]
2025-01-14 09:08:16.801 | INFO     | __main__:main:100 - [('10', 'Diamonds'), ('K', 'Diamonds'), ('7', 'Hearts'), ('9', 'Hearts'), ('K', 'Spades')]
2025-01-14 09:08:19.803 | INFO     | __main__:main:100 - [('2', 'Diamonds'), ('A', 'Spades'), ('A', 'Diamonds'), ('6', 'Hearts'), ('8', 'Hearts')]
2025-01-14 09:08:22.804 | INFO     | __main__:main:100 - [('Q', 'Diamonds'), ('9', 'Diamonds'), ('4', 'Hearts'), ('7', 'Diamonds'), ('9', 'Hearts')]
2025-01-14 09:08:25.805 | INFO     | __main__:main:100 - [('2', 'Clubs'), ('K', 'Spades'), ('9', 'Diamonds'), ('10', 'Clubs'), ('5', 'Spades')]
2025-01-14 09:08:28.806 | INFO     | __main__:main:100 - [('A', 'Spades'), ('A', 'Hearts'), ('3', 'Spades'), ('Q', 'Diamonds'), ('A', 'Diamonds')]
2025-01-14 09:08:31.808 | INFO     | __main__:main:100 - [('9', 'Clubs'), ('8', 'Clubs'), ('10', 'Spades'), ('Q', 'Hearts'), ('A', 'Spades')]
2025-01-14 09:08:34.809 | INFO     | __main__:main:100 - [('2', 'Clubs'), ('Q', 'Hearts'), ('8', 'Hearts'), ('9', 'Spades'), ('A', 'Clubs')]
2025-01-14 09:08:37.810 | INFO     | __main__:main:100 - [('K', 'Diamonds'), ('7', 'Spades'), ('A', 'Diamonds'), ('J', 'Spades'), ('8', 'Hearts')]
2025-01-14 09:08:40.811 | INFO     | __main__:main:100 - [('2', 'Spades'), ('7', 'Spades'), ('8', 'Hearts'), ('7', 'Hearts'), ('2', 'Clubs')]
2025-01-14 09:08:43.812 | INFO     | __main__:main:100 - [('A', 'Diamonds'), ('A', 'Hearts'), ('5', 'Spades'), ('3', 'Clubs'), ('6', 'Clubs')]
2025-01-14 09:08:46.813 | INFO     | __main__:main:100 - [('2', 'Spades'), ('9', 'Clubs'), ('Q', 'Diamonds'), ('K', 'Hearts'), ('3', 'Clubs')]
2025-01-14 09:08:49.815 | INFO     | __main__:main:100 - [('2', 'Hearts'), ('Q', 'Hearts'), ('10', 'Clubs'), ('7', 'Hearts'), ('J', 'Diamonds')]
2025-01-14 09:08:52.816 | INFO     | __main__:main:100 - [('9', 'Clubs'), ('5', 'Spades'), ('3', 'Diamonds'), ('9', 'Hearts'), ('Q', 'Hearts')]
2025-01-14 09:08:55.818 | INFO     | __main__:main:100 - [('7', 'Clubs'), ('J', 'Hearts'), ('K', 'Hearts'), ('J', 'Clubs'), ('9', 'Spades')]
2025-01-14 09:08:58.819 | INFO     | __main__:main:100 - [('3', 'Clubs'), ('5', 'Diamonds'), ('9', 'Diamonds'), ('A', 'Diamonds'), ('J', 'Clubs')]
2025-01-14 09:09:01.821 | INFO     | __main__:main:100 - [('Q', 'Clubs'), ('5', 'Hearts'), ('3', 'Hearts'), ('7', 'Diamonds'), ('Q', 'Spades')]
2025-01-14 09:09:04.822 | INFO     | __main__:main:100 - [('6', 'Clubs'), ('8', 'Diamonds'), ('2', 'Hearts'), ('K', 'Spades'), ('2', 'Spades')]
2025-01-14 09:09:07.823 | INFO     | __main__:main:100 - [('K', 'Diamonds'), ('2', 'Spades'), ('9', 'Diamonds'), ('Q', 'Spades'), ('Q', 'Hearts')]
2025-01-14 09:09:10.825 | INFO     | __main__:main:100 - [('2', 'Clubs'), ('3', 'Diamonds'), ('6', 'Diamonds'), ('2', 'Diamonds'), ('Q', 'Diamonds')]
2025-01-14 09:09:13.826 | INFO     | __main__:main:100 - [('3', 'Hearts'), ('A', 'Hearts'), ('9', 'Clubs'), ('Q', 'Hearts'), ('J', 'Diamonds')]
2025-01-14 09:09:16.827 | INFO     | __main__:main:100 - [('Q', 'Hearts'), ('3', 'Spades'), ('K', 'Spades'), ('K', 'Clubs'), ('7', 'Hearts')]
